Mysql Error [06-05-15 11:25:32] (1045) Access denied for user 'socadebug'@'localhost' (using password: YES)
Mysql Error [06-05-15 11:25:36] (1045) Access denied for user 'socadebug'@'localhost' (using password: YES)
Mysql Error [06-05-15 11:28:23] (1045) Access denied for user 'socadebug'@'localhost' (using password: YES)
Mysql Error [06-05-15 11:29:21] (1045) Access denied for user 'socadebug'@'localhost' (using password: YES)
Mysql Error [11-06-15 12:24:21] (2002) No se puede establecer una conexión ya que el equipo de destino denegó expresamente dicha conexión.

Mysql Error [13-06-15 12:53:36] (2002) No se puede establecer una conexión ya que el equipo de destino denegó expresamente dicha conexión.

Mysql Error [13-06-15 12:53:38] (2002) No se puede establecer una conexión ya que el equipo de destino denegó expresamente dicha conexión.

Mysql Error [13-06-15 12:53:40] (2002) No se puede establecer una conexión ya que el equipo de destino denegó expresamente dicha conexión.

Mysql Error [13-06-15 12:53:42] (2002) No se puede establecer una conexión ya que el equipo de destino denegó expresamente dicha conexión.

Mysql Error [12-07-15 17:55:30] (1044) Access denied for user 'socadebug'@'localhost' to database '/socamarketing'
Mysql Error [16-07-15 21:53:29] (2002) No se puede establecer una conexión ya que el equipo de destino denegó expresamente dicha conexión.

Mysql Error [16-07-15 21:53:33] (2002) No se puede establecer una conexión ya que el equipo de destino denegó expresamente dicha conexión.

Mysql Error [16-07-15 21:53:48] (2002) No se puede establecer una conexión ya que el equipo de destino denegó expresamente dicha conexión.

Mysql Error [16-07-15 21:57:11] (2002) No se puede establecer una conexión ya que el equipo de destino denegó expresamente dicha conexión.

Mysql Error [16-07-15 21:57:32] (2002) No se puede establecer una conexión ya que el equipo de destino denegó expresamente dicha conexión.

Mysql Error [16-07-15 21:59:15] (2002) No se puede establecer una conexión ya que el equipo de destino denegó expresamente dicha conexión.

Mysql Error [16-07-15 21:59:47] (1044) Access denied for user 'socadebug'@'localhost' to database 'socamariketing'
Mysql Error [16-07-15 21:59:54] (1044) Access denied for user 'socadebug'@'localhost' to database 'socamariketing'
Mysql Error [21-07-15 11:13:29] (2002) No se puede establecer una conexión ya que el equipo de destino denegó expresamente dicha conexión.

Mysql Error [21-07-15 11:13:29] (2002) No se puede establecer una conexión ya que el equipo de destino denegó expresamente dicha conexión.

Mysql Error [21-07-15 11:13:29] (2002) No se puede establecer una conexión ya que el equipo de destino denegó expresamente dicha conexión.

Mysql Error [21-07-15 11:13:29] (2002) No se puede establecer una conexión ya que el equipo de destino denegó expresamente dicha conexión.

Mysql Error [21-07-15 11:13:29] (2002) No se puede establecer una conexión ya que el equipo de destino denegó expresamente dicha conexión.

Mysql Error [21-07-15 11:13:29] (2002) No se puede establecer una conexión ya que el equipo de destino denegó expresamente dicha conexión.

Mysql Error [29-07-15 09:19:37] (1045) Access denied for user 'mohansof_socaAdm'@'localhost' (using password: YES)
Mysql Error [29-07-15 09:19:37] (1045) Access denied for user 'mohansof_socaAdm'@'localhost' (using password: YES)
Mysql Error [29-07-15 09:19:51] (1045) Access denied for user 'mohansof_socaAdm'@'localhost' (using password: YES)
Mysql Error [29-07-15 09:19:54] (1045) Access denied for user 'mohansof_socaAdm'@'localhost' (using password: YES)
Mysql Error [29-07-15 09:19:55] (1045) Access denied for user 'mohansof_socaAdm'@'localhost' (using password: YES)
Mysql Error [29-07-15 09:19:56] (1045) Access denied for user 'mohansof_socaAdm'@'localhost' (using password: YES)
Mysql Error [29-07-15 09:20:04] (1045) Access denied for user 'mohansof_socaAdm'@'localhost' (using password: YES)
Mysql Error [29-07-15 09:21:13] (2002) No se puede establecer una conexión ya que el equipo de destino denegó expresamente dicha conexión.

Mysql Error [29-07-15 09:22:48] (2002) No se puede establecer una conexión ya que el equipo de destino denegó expresamente dicha conexión.

Mysql Error [29-07-15 09:23:40] (1045) Access denied for user 'mohansof_socaAdm'@'localhost' (using password: YES)
Mysql Error [29-07-15 09:25:47] (1045) Access denied for user 'mohansof_socaAdm'@'localhost' (using password: YES)
Mysql Error [29-07-15 09:26:21] (2002) No se puede establecer una conexión ya que el equipo de destino denegó expresamente dicha conexión.

Mysql Error [29-07-15 09:26:59] (2002) No se puede establecer una conexión ya que el equipo de destino denegó expresamente dicha conexión.

Mysql Error [29-07-15 12:40:07] (2002) No se puede establecer una conexión ya que el equipo de destino denegó expresamente dicha conexión.

Mysql Error [29-07-15 12:40:10] (2002) No se puede establecer una conexión ya que el equipo de destino denegó expresamente dicha conexión.

Mysql Error [29-07-15 12:40:22] (2002) No se puede establecer una conexión ya que el equipo de destino denegó expresamente dicha conexión.

Mysql Error [29-07-15 12:40:34] (2002) No se puede establecer una conexión ya que el equipo de destino denegó expresamente dicha conexión.

Mysql Error [29-07-15 12:40:34] (2002) No se puede establecer una conexión ya que el equipo de destino denegó expresamente dicha conexión.

Mysql Error [29-07-15 12:41:32] (2002) No se puede establecer una conexión ya que el equipo de destino denegó expresamente dicha conexión.

Mysql Error [29-07-15 12:41:32] (2002) No se puede establecer una conexión ya que el equipo de destino denegó expresamente dicha conexión.

Mysql Error [29-07-15 12:41:42] (2002) No se puede establecer una conexión ya que el equipo de destino denegó expresamente dicha conexión.

Mysql Error [29-07-15 12:41:58] (2002) No se puede establecer una conexión ya que el equipo de destino denegó expresamente dicha conexión.

Mysql Error [29-07-15 12:42:37] (2002) No se puede establecer una conexión ya que el equipo de destino denegó expresamente dicha conexión.

Mysql Error [29-07-15 12:42:39] (2002) No se puede establecer una conexión ya que el equipo de destino denegó expresamente dicha conexión.

Mysql Error [29-07-15 12:45:00] (2002) No se puede establecer una conexión ya que el equipo de destino denegó expresamente dicha conexión.

Mysql Error [03-08-15 09:42:26] (2002) No se puede establecer una conexión ya que el equipo de destino denegó expresamente dicha conexión.

Mysql Error [03-08-15 09:42:42] (2002) No se puede establecer una conexión ya que el equipo de destino denegó expresamente dicha conexión.

Mysql Error [04-08-15 05:02:12] (2002) No se puede establecer una conexión ya que el equipo de destino denegó expresamente dicha conexión.

Mysql Error [04-08-15 10:07:41] (2002) No se puede establecer una conexión ya que el equipo de destino denegó expresamente dicha conexión.

Mysql Error [04-08-15 10:07:46] (2002) No se puede establecer una conexión ya que el equipo de destino denegó expresamente dicha conexión.

Mysql Error [04-08-15 10:07:46] (2002) No se puede establecer una conexión ya que el equipo de destino denegó expresamente dicha conexión.

Mysql Error [04-08-15 10:07:46] (2002) No se puede establecer una conexión ya que el equipo de destino denegó expresamente dicha conexión.

Mysql Error [04-08-15 10:07:54] (2002) No se puede establecer una conexión ya que el equipo de destino denegó expresamente dicha conexión.

Mysql Error [04-08-15 10:08:08] (2002) No se puede establecer una conexión ya que el equipo de destino denegó expresamente dicha conexión.

Mysql Error [04-08-15 10:08:43] (2002) No se puede establecer una conexión ya que el equipo de destino denegó expresamente dicha conexión.

Mysql Error [04-08-15 10:08:56] (2002) No se puede establecer una conexión ya que el equipo de destino denegó expresamente dicha conexión.

Mysql Error [04-08-15 10:09:05] (2002) No se puede establecer una conexión ya que el equipo de destino denegó expresamente dicha conexión.

Mysql Error [04-08-15 10:09:29] (2002) No se puede establecer una conexión ya que el equipo de destino denegó expresamente dicha conexión.

Mysql Error [04-08-15 20:23:36] (2002) No se puede establecer una conexión ya que el equipo de destino denegó expresamente dicha conexión.

Mysql Error [04-08-15 20:23:39] (2002) No se puede establecer una conexión ya que el equipo de destino denegó expresamente dicha conexión.

Mysql Error [05-08-15 09:45:39] (2002) No se puede establecer una conexión ya que el equipo de destino denegó expresamente dicha conexión.

Mysql Error [05-08-15 09:45:41] (2002) No se puede establecer una conexión ya que el equipo de destino denegó expresamente dicha conexión.

Mysql Error [05-08-15 09:46:18] (2002) No se puede establecer una conexión ya que el equipo de destino denegó expresamente dicha conexión.

Mysql Error [05-08-15 09:46:20] (2002) No se puede establecer una conexión ya que el equipo de destino denegó expresamente dicha conexión.

Mysql Error [05-08-15 15:29:06] (2002) No se puede establecer una conexión ya que el equipo de destino denegó expresamente dicha conexión.

Mysql Error [06-08-15 04:03:09] (2002) No se puede establecer una conexión ya que el equipo de destino denegó expresamente dicha conexión.

Mysql Error [08-08-15 10:44:17] (2002) No se puede establecer una conexión ya que el equipo de destino denegó expresamente dicha conexión.

Mysql Error [11-08-15 18:08:26] (2002) No se puede establecer una conexión ya que el equipo de destino denegó expresamente dicha conexión.

Mysql Error [11-08-15 18:09:36] (2002) No se puede establecer una conexión ya que el equipo de destino denegó expresamente dicha conexión.

Mysql Error [12-08-15 08:59:04] (2002) No se puede establecer una conexión ya que el equipo de destino denegó expresamente dicha conexión.

Mysql Error [12-08-15 08:59:08] (2002) No se puede establecer una conexión ya que el equipo de destino denegó expresamente dicha conexión.

Mysql Error [12-08-15 08:59:25] (2002) No se puede establecer una conexión ya que el equipo de destino denegó expresamente dicha conexión.

Mysql Error [12-08-15 08:59:27] (2002) No se puede establecer una conexión ya que el equipo de destino denegó expresamente dicha conexión.

Mysql Error [12-08-15 08:59:38] (2002) No se puede establecer una conexión ya que el equipo de destino denegó expresamente dicha conexión.

Mysql Error [12-08-15 08:59:41] (2002) No se puede establecer una conexión ya que el equipo de destino denegó expresamente dicha conexión.

Mysql Error [13-08-15 09:03:32] (2002) No se puede establecer una conexión ya que el equipo de destino denegó expresamente dicha conexión.

Mysql Error [13-08-15 09:03:48] (2002) No se puede establecer una conexión ya que el equipo de destino denegó expresamente dicha conexión.

Mysql Error [19-08-15 07:36:32] (2002) No se puede establecer una conexión ya que el equipo de destino denegó expresamente dicha conexión.

Mysql Error [19-08-15 07:36:42] (2002) No se puede establecer una conexión ya que el equipo de destino denegó expresamente dicha conexión.

Mysql Error [19-08-15 07:37:20] (2002) No se puede establecer una conexión ya que el equipo de destino denegó expresamente dicha conexión.

Mysql Error [19-08-15 07:37:23] (2002) No se puede establecer una conexión ya que el equipo de destino denegó expresamente dicha conexión.

Mysql Error [19-08-15 07:37:31] (2002) No se puede establecer una conexión ya que el equipo de destino denegó expresamente dicha conexión.

Mysql Error [19-08-15 07:37:33] (2002) No se puede establecer una conexión ya que el equipo de destino denegó expresamente dicha conexión.

Mysql Error [19-08-15 07:37:33] (2002) No se puede establecer una conexión ya que el equipo de destino denegó expresamente dicha conexión.

Mysql Error [19-08-15 07:37:33] (2002) No se puede establecer una conexión ya que el equipo de destino denegó expresamente dicha conexión.

Mysql Error [19-08-15 07:37:47] (2002) No se puede establecer una conexión ya que el equipo de destino denegó expresamente dicha conexión.

Mysql Error [19-08-15 07:37:49] (2002) No se puede establecer una conexión ya que el equipo de destino denegó expresamente dicha conexión.

Mysql Error [19-08-15 07:37:54] (2002) No se puede establecer una conexión ya que el equipo de destino denegó expresamente dicha conexión.

Mysql Error [11-10-15 13:04:27] (1044) Access denied for user 'socadebug'@'localhost' to database 'socamarketing2'
Mysql Error [13-09-16 19:56:26] (1045) Access denied for user 'socadebug'@'localhost' (using password: YES)
Mysql Error [13-09-16 19:56:36] (1045) Access denied for user 'socadebug'@'localhost' (using password: YES)
Mysql Error [13-09-16 19:56:48] (1045) Access denied for user 'socadebug'@'localhost' (using password: YES)
Mysql Error [13-09-16 19:57:03] (1045) Access denied for user 'socadebug'@'localhost' (using password: YES)
Mysql Error [13-09-16 19:57:12] (1045) Access denied for user 'socadebug'@'localhost' (using password: YES)
Mysql Error [28-09-16 16:39:09] (1045) Access denied for user 'socadebug'@'localhost' (using password: YES)
Mysql Error [28-09-16 16:39:21] (1045) Access denied for user 'socadebug'@'localhost' (using password: YES)
Mysql Error [28-09-16 16:39:33] (1045) Access denied for user 'socadebug'@'localhost' (using password: YES)
Mysql Error [28-09-16 16:41:04] (1045) Access denied for user 'socadebug'@'localhost' (using password: YES)
Mysql Error [03-10-16 15:26:48] (1045) Access denied for user 'socadebug'@'localhost' (using password: YES)
Mysql Error [03-10-16 15:26:55] (1045) Access denied for user 'socadebug'@'localhost' (using password: YES)
Mysql Error [03-10-16 15:27:02] (1045) Access denied for user 'socadebug'@'localhost' (using password: YES)
Mysql Error [06-10-16 20:43:34] (1045) Access denied for user 'socadebug'@'localhost' (using password: YES)
Mysql Error [08-10-16 12:33:03] (1045) Access denied for user 'socadebug'@'localhost' (using password: YES)
Mysql Error [08-10-16 12:33:06] (1045) Access denied for user 'socadebug'@'localhost' (using password: YES)
Mysql Error [08-10-16 12:33:34] (1045) Access denied for user 'socadebug'@'localhost' (using password: YES)
Mysql Error [08-10-16 12:34:39] (1045) Access denied for user 'mohansof_socaAdm'@'localhost' (using password: YES)
Mysql Error [08-10-16 12:35:17] (1045) Access denied for user 'mohansof_socaAdm'@'localhost' (using password: YES)
Mysql Error [08-10-16 12:36:15] (1045) Access denied for user 'mohansof_socaAdm'@'localhost' (using password: YES)
Mysql Error [08-10-16 12:38:33] (1045) Access denied for user 'mohansof_socaAdm'@'localhost' (using password: YES)
Mysql Error [08-10-16 12:39:58] (1045) Access denied for user 'mohansof_socaAdm'@'localhost' (using password: YES)
Mysql Error [08-10-16 12:40:46] (1045) Access denied for user 'mohansof_socaAdm'@'localhost' (using password: YES)
Mysql Error [08-10-16 12:41:20] (1045) Access denied for user 'mohansof_socaAdm'@'localhost' (using password: YES)
Mysql Error [08-10-16 12:42:10] (1045) Access denied for user 'mohansof_socaAdm'@'localhost' (using password: YES)
Mysql Error [08-10-16 12:42:21] (1045) Access denied for user 'mohansof_socaAdm'@'localhost' (using password: YES)
Mysql Error [08-10-16 12:42:44] (1045) Access denied for user 'mohansof_socaAdm'@'localhost' (using password: YES)
Mysql Error [08-10-16 12:43:09] (1045) Access denied for user 'mohansof_socaAdm'@'localhost' (using password: YES)
Mysql Error [08-10-16 12:47:29] (1045) Access denied for user 'mohansof_socaAdm'@'localhost' (using password: YES)
Mysql Error [08-10-16 12:49:05] (1045) Access denied for user 'mohansof_socaAdm'@'localhost' (using password: YES)
Mysql Error [08-10-16 12:50:36] (1045) Access denied for user 'mohansof_socaAdm'@'localhost' (using password: YES)
Mysql Error [08-10-16 12:51:38] (1045) Access denied for user 'mohansof_socaAdm'@'localhost' (using password: YES)
Mysql Error [08-10-16 12:52:35] (1045) Access denied for user 'mohansof_socaAdm'@'localhost' (using password: YES)
Mysql Error [08-10-16 13:01:00] (1045) Access denied for user 'root'@'localhost' (using password: YES)
Mysql Error [08-10-16 13:01:11] (1045) Access denied for user 'root'@'localhost' (using password: YES)
Mysql Error [08-10-16 13:01:22] (1045) Access denied for user 'root'@'localhost' (using password: YES)
